mode: set
github.com/d5kx/shorturl/internal/app/processor/event-processor/event-processor.go:18.45,20.2 1 1
github.com/d5kx/shorturl/internal/app/processor/event-processor/event-processor.go:21.48,23.2 1 1
github.com/d5kx/shorturl/internal/app/processor/event-processor/event-processor.go:24.73,25.35 1 1
github.com/d5kx/shorturl/internal/app/processor/event-processor/event-processor.go:25.35,28.3 2 1
github.com/d5kx/shorturl/internal/app/processor/event-processor/event-processor.go:30.2,30.34 1 1
github.com/d5kx/shorturl/internal/app/processor/event-processor/event-processor.go:30.34,33.3 2 1
github.com/d5kx/shorturl/internal/app/processor/event-processor/event-processor.go:35.2,36.40 2 1
github.com/d5kx/shorturl/internal/app/processor/event-processor/event-processor.go:39.85,42.28 2 1
github.com/d5kx/shorturl/internal/app/processor/event-processor/event-processor.go:42.28,47.3 3 1
github.com/d5kx/shorturl/internal/app/processor/event-processor/event-processor.go:49.2,50.47 2 1
github.com/d5kx/shorturl/internal/app/processor/event-processor/event-processor.go:53.86,54.69 1 1
github.com/d5kx/shorturl/internal/app/processor/event-processor/event-processor.go:54.69,58.3 3 1
github.com/d5kx/shorturl/internal/app/processor/event-processor/event-processor.go:60.2,62.17 3 1
github.com/d5kx/shorturl/internal/app/processor/event-processor/event-processor.go:62.17,66.3 3 1
github.com/d5kx/shorturl/internal/app/processor/event-processor/event-processor.go:68.2,73.16 5 1
github.com/d5kx/shorturl/internal/app/processor/event-processor/event-processor.go:73.16,77.3 3 1
github.com/d5kx/shorturl/internal/app/processor/event-processor/event-processor.go:79.2,81.55 3 1
