mode: set
github.com/d5kx/shorturl/internal/app/processor/event-processor/event-processor.go:17.45,19.2 1 1
github.com/d5kx/shorturl/internal/app/processor/event-processor/event-processor.go:20.48,22.2 1 1
github.com/d5kx/shorturl/internal/app/processor/event-processor/event-processor.go:23.73,24.35 1 1
github.com/d5kx/shorturl/internal/app/processor/event-processor/event-processor.go:24.35,27.3 2 1
github.com/d5kx/shorturl/internal/app/processor/event-processor/event-processor.go:29.2,29.34 1 1
github.com/d5kx/shorturl/internal/app/processor/event-processor/event-processor.go:29.34,32.3 2 1
github.com/d5kx/shorturl/internal/app/processor/event-processor/event-processor.go:34.2,35.40 2 1
github.com/d5kx/shorturl/internal/app/processor/event-processor/event-processor.go:38.85,41.28 2 1
github.com/d5kx/shorturl/internal/app/processor/event-processor/event-processor.go:41.28,46.3 3 1
github.com/d5kx/shorturl/internal/app/processor/event-processor/event-processor.go:48.2,49.47 2 1
github.com/d5kx/shorturl/internal/app/processor/event-processor/event-processor.go:52.86,53.69 1 1
github.com/d5kx/shorturl/internal/app/processor/event-processor/event-processor.go:53.69,57.3 3 1
github.com/d5kx/shorturl/internal/app/processor/event-processor/event-processor.go:59.2,62.12 4 1
github.com/d5kx/shorturl/internal/app/processor/event-processor/event-processor.go:62.12,66.3 3 1
github.com/d5kx/shorturl/internal/app/processor/event-processor/event-processor.go:68.2,73.16 5 1
github.com/d5kx/shorturl/internal/app/processor/event-processor/event-processor.go:73.16,77.3 3 1
github.com/d5kx/shorturl/internal/app/processor/event-processor/event-processor.go:79.2,81.55 3 1
